*******************************************************
*                                                     *
*                 TEMPO version 13.000                *
*           Analysis of pulsar timing data            *
*         TEMPO git version date:  2019-12-19         *
*         TEMPO git version id:    c04b2e5            *
*         Run time:   2-APR-20  16:25:49 UTC          *
*                                                     *
*******************************************************


                    Observatory Coordinates

     Observatory     Geodetic lat   Geodetic long   Elevation
                      ddmmss.ss       ddmmss.ss         m

1 GB GBT XYZ           882589.65     -4924872.32   3943729.3
2 QU QUABBIN           422333.20       722040.40       306.0
3 AO ARECIBO XYZ      2390490.00     -5564764.00   1994727.0
4 HO Hobart, Tasm     -424818.00     -1472621.00        50.0
5 PR PRINCETON         402047.70       743853.85        43.0
6 VL VLA XYZ         -1601192.00     -5041981.40   3554871.4
7 PK PARKES  XYZ     -4554231.50      2816759.10  -3454036.3
8 JB JODRELL BANK     3822626.04      -154105.65   5086486.0
9 G3 GB 300FT          382546.30       795056.36       893.7
A G1 GB 140FT          382615.41       795009.61       880.9
B G8 GB 85-3           382545.90       795036.87       835.8
C V2 VLA SITE          340443.50      1073703.82      2124.0
D BO NORTHERN CRO      443118.48      -113848.48        25.0
E MO MOST            -4483311.64      2648815.92  -3671909.3
F NC Nancay           4324165.81       165927.11   4670132.8
G EF Effelsberg       4033949.50       486989.40   4900430.8
H J2 JB_MKII          3822846.76      -153802.28   5086285.9
I WS WSRT             3828445.66       445223.60   5064921.6
K FA FAST            -1668557.00      5506838.00   2744934.0
M MK MEERKAT          5109360.13      2006852.59  -3238948.1
R GM GMRT             1656342.30      5797947.77   2073243.2
S SH SHAO 65m XYZ    -2826711.95      4679231.63   3274665.7
T LF LOFAR            3826577.46       461022.62   5064892.5
U MW MWA             -2559454.08      5095372.14  -2849057.2
V PV PICO VELETA      5088964.00       301689.80   3825017.0
X LW LWA1            -1602206.59     -5042244.29   3554076.3
Y CH CHIME (real)    -2058795.00     -3621559.00   4814280.0
Z SR SRT              4865182.77       791922.69   4035137.2
- LS LWA-SV          -1531155.54     -5045324.31   3579583.9
P PO Pushchino         544919.20       373819.50       250.0

Input data from B1112+50_test_t2.tim,  Parameters from 1112.par
Observatory data from /home/andr/work/tempo/obsys.dat                        
Tempo command: tempo -f 1112.par B1112+50_test_t2.tim


Binary model: None     nbin:  0   nddm: 0

Assumed parameters -- PSR J1112+50

RA:            11:15:38.40000000
DEC:           50:30:12.29000000
F0 (s-1):    0.60370441726059998      (P0 (s):   1.6564397599369093950)
F1 (s-2):    -9.085180000000D-16      (P1 (-15):        2.492785036504)
F2 (s-3):        0.000000000D+00
F3 (s-4):           0.000000D+00
P Epoch (MJD):    49334.00000000
Finish MJD:           0.00000000
DM (cm-3 pc):           9.000000

Fit for  5 parameters, including phase but excluding jumps

    N     TOBS   WORD    NJMP    WGT     DTIME       TIME     DPHASE      PHASE



Normalized covariance matrix in "number of 9's" format:

            G  1234
            -  ----
  1.     f0|5  *5 1
  2.     f1|5  5* 1
  3.    Dec|1    * 
  4.     RA|1  11 *
            -  ----
            G  1234


   N     TOBS         Date      FREQ    WGT      NPULSE     R1(P)  R2(-3) PH/DT

   1 58139.98280 D 21-JAN-18  111.879 1.000    459320585   0.000   -1.31  0.000
   2 58142.97460 G 24-JAN-18  111.879 1.000    459476642   0.008   -0.71  0.000
   3 58144.96914 I 26-JAN-18  111.879 1.000    459580680   0.012   -2.28  0.000
   4 58146.96368 K 28-JAN-18  111.879 1.000    459684718   0.019   -0.79  0.000
   5 58148.95821 M 30-JAN-18  111.879 1.000    459788755   0.025    1.22  0.000
   6 58150.95277 O  1-FEB-18  111.879 1.000    459892793   0.030    0.43  0.000
   7 58158.93092 W  9-FEB-18  111.879 1.000    460308939   0.044  -12.61  0.000
   8 58164.91453 C 15-FEB-18  111.879 1.000    460621045   0.070    3.25  0.000
   9 58166.90907 E 17-FEB-18  111.879 1.000    460725080   0.074    0.81  0.000
  10 58168.90361 G 19-FEB-18  111.879 1.000    460829115   0.079   -0.91  0.000
  11 58170.89814 I 21-FEB-18  111.879 1.000    460933149   0.084   -2.24  0.000
  12 58184.85992 W  7-MAR-18  111.879 1.000    461661383   0.125    3.12  0.000
  13 58186.85447 Y  9-MAR-18  111.879 1.000    461765416   0.131    4.08  0.000
  14 58188.84901 A 11-MAR-18  111.879 1.000    461869448   0.136    4.41  0.000
  15 58191.84082 D 14-MAR-18  111.879 1.000    462025496   0.143    3.61  0.000
  16 58193.83535 F 16-MAR-18  111.879 1.000    462129527   0.146    1.33  0.000
  17 58195.82989 H 18-MAR-18  111.879 1.000    462233558   0.151    1.61  0.000
  18 58197.82442 J 20-MAR-18  111.879 1.000    462337589   0.155    0.09  0.000
  19 58199.81897 L 22-MAR-18  111.879 1.000    462441620   0.160    1.33  0.000
  20 58201.81351 N 24-MAR-18  111.879 1.000    462545651   0.166    2.31  0.000
  21 58204.80531 Q 27-MAR-18  111.879 1.000    462701696   0.171   -0.07  0.000
  22 58206.79985 S 29-MAR-18  111.879 1.000    462805726   0.176    2.00  0.000
  23 58210.78894 W  2-APR-18  111.879 1.000    463013786   0.184    1.68  0.000
  24 58212.78349 Y  4-APR-18  111.879 1.000    463117816   0.189    4.20  0.000
  25 58214.77802 A  6-APR-18  111.879 1.000    463221845   0.192    3.06  0.000
  26 58216.77255 C  8-APR-18  111.879 1.000    463325874   0.195    1.40  0.000
  27 58218.76709 E 10-APR-18  111.879 1.000    463429903   0.198    1.54  0.000
  28 58220.76163 G 12-APR-18  111.879 1.000    463533932   0.202    2.08  0.000
  29 58222.75618 I 14-APR-18  111.879 1.000    463637961   0.199   -6.72  0.000
  30 58224.75071 K 16-APR-18  111.879 1.000    463741989   0.206   -0.44  0.000
  31 58226.74526 M 18-APR-18  111.879 1.000    463846018   0.209   -0.33  0.000
  32 58228.73979 O 20-APR-18  111.879 1.000    463950046   0.211   -0.22  0.000
  33 58231.73159 R 23-APR-18  111.879 1.000    464106088   0.215   -0.97  0.000
  34 58236.71794 W 28-APR-18  111.879 1.000    464366158   0.220   -0.10  0.000
  35 58238.71249 Y 30-APR-18  111.879 1.000    464470186   0.222    0.71  0.000
  36 58241.70430 B  3-MAY-18  111.879 1.000    464626228   0.225    0.98  0.000
  37 58245.69338 F  7-MAY-18  111.879 1.000    464834283   0.226   -1.51  0.000
  38 58248.68518 I 10-MAY-18  111.879 1.000    464990324   0.227   -0.52  0.000
  39 58250.67973 K 12-MAY-18  111.879 1.000    465094352   0.226   -3.61  0.000
  40 58252.67426 M 14-MAY-18  111.879 1.000    465198379   0.229    0.85  0.000
  41 58254.66881 O 16-MAY-18  111.879 1.000    465302407   0.229    0.44  0.000
  42 58256.66333 Q 18-MAY-18  111.879 1.000    465406434   0.229    0.60  0.000
  43 58269.62785 D 31-MAY-18  111.879 1.000    466082614   0.223   -3.08  0.000
  44 58272.61965 G  3-JUN-18  111.879 1.000    466238655   0.222   -1.12  0.000
  45 58274.61419 I  5-JUN-18  111.879 1.000    466342683   0.219   -3.37  0.000
  46 58277.60600 L  8-JUN-18  111.879 1.000    466498725   0.219   -0.08  0.000
  47 58279.60054 N 10-JUN-18  111.879 1.000    466602753   0.215   -2.71  0.000
  48 58282.59236 Q 13-JUN-18  111.879 1.000    466758796   0.214    0.77  0.000
  49 58284.58690 S 15-JUN-18  111.879 1.000    466862824   0.210   -2.00  0.000
  50 58286.58143 U 17-JUN-18  111.879 1.000    466966852   0.208   -1.30  0.000
  51 58288.57597 W 19-JUN-18  111.879 1.000    467070881   0.203   -3.89  0.000
  52 58290.57052 Y 21-JUN-18  111.879 1.000    467174910   0.203   -0.36  0.000
  53 58292.56506 A 23-JUN-18  111.879 1.000    467278939   0.199   -2.15  0.000
  54 58294.55960 C 25-JUN-18  111.879 1.000    467382968   0.195   -1.98  0.000
  55 58296.55413 E 27-JUN-18  111.879 1.000    467486997   0.193   -0.83  0.000
  56 58298.54867 G 29-JUN-18  111.879 1.000    467591026   0.190   -0.40  0.000
  57 58300.54321 I  1-JUL-18  111.879 1.000    467695056   0.185   -2.26  0.000
  58 58303.53501 L  4-JUL-18  111.879 1.000    467851100   0.179   -2.61  0.000
  59 58305.52955 N  6-JUL-18  111.879 1.000    467955130   0.177    0.42  0.000
  60 58307.52411 P  8-JUL-18  111.879 1.000    468059161   0.172   -0.23  0.000
  61 58310.51590 S 11-JUL-18  111.879 1.000    468215206   0.165   -1.53  0.000
  62 58312.51045 U 13-JUL-18  111.879 1.000    468319237   0.162    0.78  0.000
  63 58314.50499 W 15-JUL-18  111.879 1.000    468423268   0.157   -0.10  0.000
  64 58318.49406 A 19-JUL-18  111.879 1.000    468631330   0.148   -1.17  0.000
  65 58320.48861 C 21-JUL-18  111.879 1.000    468735362   0.144    1.52  0.000
  66 58322.48313 E 23-JUL-18  111.879 1.000    468839393   0.139    0.66  0.000
  67 58324.47767 G 25-JUL-18  111.879 1.000    468943425   0.134   -0.20  0.000
  68 58326.47223 I 27-JUL-18  111.879 1.000    469047458   0.128   -0.56  0.000
  69 58329.46402 L 30-JUL-18  111.879 1.000    469203506   0.121   -0.07  0.000
  70 58332.45584 O  2-AUG-18  111.879 1.000    469359556   0.115    2.44  0.000
  71 58334.45038 Q  4-AUG-18  111.879 1.000    469463589   0.109    1.10  0.000
  72 58336.44491 S  6-AUG-18  111.879 1.000    469567622   0.102   -1.19  0.000
  73 58339.43672 V  9-AUG-18  111.879 1.000    469723673   0.096    0.99  0.000
  74 58341.43126 X 11-AUG-18  111.879 1.000    469827707   0.091    1.57  0.000
  75 58344.42308 A 14-AUG-18  111.879 1.000    469983759   0.083    3.06  0.000
  76 58372.34663 C 11-SEP-18  111.879 1.000    471440269   0.008    2.12  0.000
  77 58374.34116 E 13-SEP-18  111.879 1.000    471544307   0.003    1.24  0.000
  78 58376.33571 G 15-SEP-18  111.879 1.000    471648346  -0.001    4.13  0.000
  79 58378.33025 I 17-SEP-18  111.879 1.000    471752385  -0.008    0.01  0.000
  80 58380.32479 K 19-SEP-18  111.879 1.000    471856424  -0.011    3.11  0.000
  81 58382.31932 M 21-SEP-18  111.879 1.000    471960463  -0.016    1.87  0.000
  82 58384.31387 O 23-SEP-18  111.879 1.000    472064503  -0.020    3.07  0.000
  83 58386.30840 Q 25-SEP-18  111.879 1.000    472168542  -0.027   -0.50  0.000
  84 58388.30294 S 27-SEP-18  111.879 1.000    472272582  -0.029    2.21  0.000
  85 58390.29747 U 29-SEP-18  111.879 1.000    472376622  -0.035    0.64  0.000
  86 58392.29203 W  1-OCT-18  111.879 1.000    472480663  -0.038    1.60  0.000
  87 58404.25926 I 13-OCT-18  111.879 1.000    473104909  -0.058    4.47  0.000
  88 58406.25379 K 15-OCT-18  111.879 1.000    473208950  -0.063    2.59  0.000
  89 58408.24834 M 17-OCT-18  111.879 1.000    473312992  -0.067   -0.03  0.000
  90 58410.24288 O 19-OCT-18  111.879 1.000    473417034  -0.068    3.30  0.000
  91 58412.23742 Q 21-OCT-18  111.879 1.000    473521076  -0.073   -0.60  0.000
  92 58417.22375 V 26-OCT-18  111.879 1.000    473781181  -0.079   -0.64  0.000
  93 58419.21830 X 28-OCT-18  111.879 1.000    473885224  -0.082   -1.28  0.000
  94 58421.21283 Z 30-OCT-18  111.879 1.000    473989266  -0.083   -0.07  0.000
  95 58423.20738 B  1-NOV-18  111.879 1.000    474093309  -0.087   -3.37  0.000
  96 58425.20192 D  3-NOV-18  111.879 1.000    474197352  -0.089   -3.77  0.000
  97 58429.19099 H  7-NOV-18  111.879 1.000    474405437  -0.090   -1.21  0.000
  98 58431.18553 J  9-NOV-18  111.879 1.000    474509480  -0.090   -0.06  0.000
  99 58433.18007 L 11-NOV-18  111.879 1.000    474613523  -0.090    0.91  0.000
 100 58435.17461 N 13-NOV-18  111.879 1.000    474717566  -0.091    1.01  0.000
 101 58437.16915 P 15-NOV-18  111.879 1.000    474821609  -0.092   -0.55  0.000
 102 58439.16369 R 17-NOV-18  111.879 1.000    474925652  -0.091    1.94  0.000
 103 58441.15823 T 19-NOV-18  111.879 1.000    475029695  -0.093   -1.38  0.000
 104 58443.15277 V 21-NOV-18  111.879 1.000    475133738  -0.092   -0.63  0.000
 105 58446.14458 Y 24-NOV-18  111.879 1.000    475289803  -0.093   -2.31  0.000
 106 58448.13912 A 26-NOV-18  111.879 1.000    475393846  -0.090    1.70  0.000
 107 58453.12547 F  1-DEC-18  111.879 1.000    475653953  -0.090   -3.40  0.000
 108 58455.12001 H  3-DEC-18  111.879 1.000    475757996  -0.089   -2.64  0.000
 109 58457.11455 J  5-DEC-18  111.879 1.000    475862039  -0.086   -0.84  0.000
 110 58459.10908 L  7-DEC-18  111.879 1.000    475966081  -0.085   -1.61  0.000
 111 58461.10363 N  9-DEC-18  111.879 1.000    476070124  -0.086   -5.79  0.000
 112 58463.09816 P 11-DEC-18  111.879 1.000    476174166  -0.080    0.27  0.000
 113 58465.09271 R 13-DEC-18  111.879 1.000    476278209  -0.079   -1.80  0.000
 114 58467.08724 T 15-DEC-18  111.879 1.000    476382251  -0.077   -1.57  0.000
 115 58469.08178 V 17-DEC-18  111.879 1.000    476486293  -0.076   -5.12  0.000
 116 58471.07632 X 19-DEC-18  111.879 1.000    476590335  -0.071   -1.25  0.000
 117 58473.07086 Z 21-DEC-18  111.879 1.000    476694377  -0.068   -1.35  0.000
 118 58475.06540 B 23-DEC-18  111.879 1.000    476798419  -0.067   -3.78  0.000
 119 58477.05993 D 25-DEC-18  111.879 1.000    476902460  -0.061    1.09  0.000
 120 58479.05448 F 27-DEC-18  111.879 1.000    477006502  -0.058   -0.04  0.000
 121 58481.04902 H 29-DEC-18  111.879 1.000    477110543  -0.054    0.40  0.000
 122 58483.04356 J 31-DEC-18  111.879 1.000    477214584  -0.051   -0.43  0.000
 123 58485.03810 L  2-JAN-19  111.879 1.000    477318625  -0.047    0.70  0.000
 124 58487.03265 N  4-JAN-19  111.879 1.000    477422666  -0.043    0.25  0.000
 125 58489.02718 P  6-JAN-19  111.879 1.000    477526706  -0.039   -0.49  0.000
 126 58491.02171 R  8-JAN-19  111.879 1.000    477630746  -0.035   -1.03  0.000
 127 58493.01625 T 10-JAN-19  111.879 1.000    477734786  -0.029    1.70  0.000
 128 58495.01079 V 12-JAN-19  111.879 1.000    477838826  -0.024    2.87  0.000
 129 58497.00534 X 14-JAN-19  111.879 1.000    477942866  -0.020    3.11  0.000
 130 58499.99715 A 16-JAN-19  111.879 1.000    478098925  -0.013    2.38  0.000
 131 58501.99169 B 18-JAN-19  111.879 1.000    478202964  -0.008    3.18  0.000
 132 58503.98623 D 20-JAN-19  111.879 1.000    478307003  -0.003    3.72  0.000

PSR J1112+50      Ephem.: DE200  Clock: UNCORR        Ref. MJD:   49334.0000

      RA                DEC            PM RA    PM DEC     PM RV   PARALLAX

11 15 38.40000000  50 30 12.2900000    0.0000    0.0000    0.0000    0.0000
      -9.83356955        56.0865845    0.0000    0.0000    0.0000    0.0000
       0.04966447         0.4724155    0.0000    0.0000    0.0000    0.0000
11 15 28.56643045  50 31  8.3765845    0.0000    0.0000    0.0000    0.0000

          F0                  F1(D-16)       F2(D-00)     F3(D-00)

   0.60370441726059998   -9.085180000000   0.000000000    0.000000
  -0.00000001332529495    0.172619897677  -0.000000000   -0.000000
   0.00000000929637376    0.119690808442   0.000000000    0.000000
   0.60370440393530500   -8.912560102323   0.000000000    0.000000

          P0                  P1(D-15)         DM         DM1       PPN GAM

 1.6564397599369093950    2.492785036504    9.000000    0.000000    1.000000
 0.0000000365618475495   -0.047363213184    0.000000    0.000000    0.000000
 0.0000000255073233886    0.032840677836    0.000000    0.000000    0.000000
 1.6564397964987569445    2.445421823320    9.000000    0.000000    1.000000

Weighted RMS residual: pre-fit196097.987 us. Predicted post-fit  2400.709 us.
